[ 2016-03-21T08:43:01+08:00 ] ::1 /whs/
INFO: [ app_init ] --START--
INFO: Run Behavior\BuildLiteBehavior [ RunTime:0.000079s ]
INFO: Run Common\Behavior\InitHookBehavior [ RunTime:0.038311s ]
INFO: [ app_init ] --END-- [ RunTime:0.042369s ]
INFO: [ app_begin ] --START--
INFO: Run Behavior\ReadHtmlCacheBehavior [ RunTime:0.004667s ]
INFO: [ app_begin ] --END-- [ RunTime:0.005059s ]
SQL: SHOW COLUMNS FROM `w_config` [ RunTime:0.0432s ]
SQL: SELECT `type`,`name`,`value` FROM `w_config` WHERE `status` = 1  [ RunTime:0.0021s ]
SQL: SHOW COLUMNS FROM `w_category` [ RunTime:0.1274s ]
SQL: SELECT `id`,`name`,`title`,`pid`,`sort`,`list_row`,`meta_title`,`keywords`,`description`,`template_index`,`template_lists`,`template_detail`,`template_edit`,`model`,`model_sub`,`type`,`link_id`,`allow_publish`,`display`,`reply`,`check`,`reply_model`,`extend`,`create_time`,`update_time`,`status`,`icon`,`groups` FROM `w_category` WHERE `status` = 1 ORDER BY sort  [ RunTime:0.0015s ]
SQL: SHOW COLUMNS FROM `w_document` [ RunTime:0.0186s ]
SQL: SELECT `id`,`uid`,`name`,`title`,`category_id`,`group_id`,`description`,`root`,`pid`,`model_id`,`type`,`position`,`link_id`,`cover_id`,`display`,`deadline`,`attach`,`view`,`comment`,`extend`,`level`,`create_time`,`update_time`,`status` FROM `w_document` WHERE `status` = 1 AND `pid` = 0 AND `create_time` < 1458520980 AND ( deadline = 0 OR deadline > 1458520980 ) ORDER BY `id` DESC  [ RunTime:0.0021s ]
INFO: [ view_parse ] --START--
INFO: [ template_filter ] --START--
INFO: Run Behavior\ContentReplaceBehavior [ RunTime:0.000438s ]
INFO: [ template_filter ] --END-- [ RunTime:0.000786s ]
SQL: SHOW COLUMNS FROM `w_channel` [ RunTime:0.0186s ]
SQL: SELECT `id`,`pid`,`title`,`url`,`sort`,`create_time`,`update_time`,`status`,`target` FROM `w_channel` WHERE ( status=1 ) ORDER BY sort  [ RunTime:0.0016s ]
SQL: SELECT `id`,`name`,`title`,`pid`,`sort`,`list_row`,`meta_title`,`keywords`,`description`,`template_index`,`template_lists`,`template_detail`,`template_edit`,`model`,`model_sub`,`type`,`link_id`,`allow_publish`,`display`,`reply`,`check`,`reply_model`,`extend`,`create_time`,`update_time`,`status`,`icon`,`groups` FROM `w_category` WHERE `id` = 1 LIMIT 1   [ RunTime:0.0014s ]
SQL: SELECT `id`,`name`,`pid`,`title`,`link_id` FROM `w_category` WHERE `status` = 1 ORDER BY sort  [ RunTime:0.0013s ]
INFO: [ view_parse ] --START--
INFO: [ template_filter ] --START--
INFO: Run Behavior\ContentReplaceBehavior [ RunTime:0.000234s ]
INFO: [ template_filter ] --END-- [ RunTime:-0.086877s ]
INFO: Run Behavior\ParseTemplateBehavior [ RunTime:0.020266s ]
INFO: [ view_parse ] --END-- [ RunTime:0.020619s ]
INFO: [ view_filter ] --START--
INFO: Run Behavior\WriteHtmlCacheBehavior [ RunTime:0.003915s ]
INFO: [ view_filter ] --END-- [ RunTime:0.004246s ]
SQL: SELECT `id`,`name`,`title`,`pid`,`sort`,`list_row`,`meta_title`,`keywords`,`description`,`template_index`,`template_lists`,`template_detail`,`template_edit`,`model`,`model_sub`,`type`,`link_id`,`allow_publish`,`display`,`reply`,`check`,`reply_model`,`extend`,`create_time`,`update_time`,`status`,`icon`,`groups` FROM `w_category` WHERE `id` = 1 LIMIT 1   [ RunTime:0.0011s ]
SQL: SELECT `id`,`name`,`pid`,`title`,`link_id` FROM `w_category` WHERE `status` = 1 ORDER BY sort  [ RunTime:0.0009s ]
SQL: SELECT `id`,`uid`,`name`,`title`,`category_id`,`group_id`,`description`,`root`,`pid`,`model_id`,`type`,`position`,`link_id`,`cover_id`,`display`,`deadline`,`attach`,`view`,`comment`,`extend`,`level`,`create_time`,`update_time`,`status` FROM `w_document` WHERE `status` = 1 AND `pid` = 0 AND `category_id` IN ('1','2') AND `create_time` < 1458520980 AND ( deadline = 0 OR deadline > 1458520980 ) ORDER BY `level` DESC,`id` DESC LIMIT 0,10   [ RunTime:0.0286s ]
INFO: Run Behavior\ParseTemplateBehavior [ RunTime:0.068677s ]
INFO: [ view_parse ] --END-- [ RunTime:0.020619s ]
INFO: [ view_filter ] --START--
INFO: Run Behavior\WriteHtmlCacheBehavior [ RunTime:0.000078s ]
INFO: [ view_filter ] --END-- [ RunTime:-0.044159s ]
INFO: [ app_end ] --START--
INFO: Run Behavior\ShowPageTraceBehavior [ RunTime:0.004703s ]
INFO: [ app_end ] --END-- [ RunTime:0.005034s ]

