[ 2016-03-22T16:57:12+08:00 ] ::1 /whs/index.php
INFO: [ app_init ] --START--
INFO: Run Behavior\BuildLiteBehavior [ RunTime:0.000026s ]
INFO: Run Common\Behavior\InitHookBehavior [ RunTime:0.004854s ]
INFO: [ app_init ] --END-- [ RunTime:0.005751s ]
INFO: [ app_begin ] --START--
INFO: Run Behavior\ReadHtmlCacheBehavior [ RunTime:0.001302s ]
INFO: [ app_begin ] --END-- [ RunTime:0.001457s ]

[ 2016-03-22T16:57:12+08:00 ] ::1 /whs/index.php/Public/login.html
INFO: [ app_init ] --START--
INFO: Run Behavior\BuildLiteBehavior [ RunTime:0.000026s ]
INFO: Run Common\Behavior\InitHookBehavior [ RunTime:0.003589s ]
INFO: [ app_init ] --END-- [ RunTime:0.004370s ]
INFO: [ app_begin ] --START--
INFO: Run Behavior\ReadHtmlCacheBehavior [ RunTime:0.001158s ]
INFO: [ app_begin ] --END-- [ RunTime:0.001351s ]
INFO: [ view_parse ] --START--
INFO: [ template_filter ] --START--
INFO: Run Behavior\ContentReplaceBehavior [ RunTime:0.000118s ]
INFO: [ template_filter ] --END-- [ RunTime:0.000240s ]
INFO: Run Behavior\ParseTemplateBehavior [ RunTime:0.021210s ]
INFO: [ view_parse ] --END-- [ RunTime:0.021355s ]
INFO: [ view_filter ] --START--
INFO: Run Behavior\WriteHtmlCacheBehavior [ RunTime:0.001058s ]
INFO: [ view_filter ] --END-- [ RunTime:0.001165s ]
INFO: [ app_end ] --START--
INFO: Run Behavior\ShowPageTraceBehavior [ RunTime:0.001040s ]
INFO: [ app_end ] --END-- [ RunTime:0.001147s ]

[ 2016-03-22T16:57:12+08:00 ] ::1 /whs/index.php/Public/verify.html
INFO: [ app_init ] --START--
INFO: Run Behavior\BuildLiteBehavior [ RunTime:0.000029s ]
INFO: Run Common\Behavior\InitHookBehavior [ RunTime:0.015896s ]
INFO: [ app_init ] --END-- [ RunTime:0.016928s ]
INFO: [ app_begin ] --START--
INFO: Run Behavior\ReadHtmlCacheBehavior [ RunTime:0.001898s ]
INFO: [ app_begin ] --END-- [ RunTime:0.003973s ]
INFO: [ app_end ] --START--
INFO: Run Behavior\ShowPageTraceBehavior [ RunTime:0.001430s ]
INFO: [ app_end ] --END-- [ RunTime:0.001598s ]

[ 2016-03-22T16:57:20+08:00 ] ::1 /whs/index.php/Public/login.html
INFO: [ app_init ] --START--
INFO: Run Behavior\BuildLiteBehavior [ RunTime:0.000030s ]
INFO: Run Common\Behavior\InitHookBehavior [ RunTime:0.007063s ]
INFO: [ app_init ] --END-- [ RunTime:0.008482s ]
INFO: [ app_begin ] --START--
INFO: Run Behavior\ReadHtmlCacheBehavior [ RunTime:0.001178s ]
INFO: [ app_begin ] --END-- [ RunTime:0.001296s ]
NOTIC: [8] Undefined index: lite E:\projects\whs\ThinkPHP\Library\Think\Db.class.php 第 37 行.
SQL: SHOW COLUMNS FROM `w_member` [ RunTime:0.0351s ]
SQL: SELECT `uid`,`nickname`,`sex`,`birthday`,`qq`,`score`,`login`,`reg_ip`,`reg_time`,`last_login_ip`,`last_login_time`,`status` FROM `w_member` WHERE `uid` = 1 LIMIT 1   [ RunTime:0.0005s ]
SQL: SHOW COLUMNS FROM `w_action` [ RunTime:0.0199s ]
SQL: SELECT * FROM `w_action` WHERE `name` = 'user_login' LIMIT 1   [ RunTime:0.0007s ]
SQL: SHOW COLUMNS FROM `w_action_log` [ RunTime:0.0087s ]
SQL: INSERT INTO `w_action_log` (`action_id`,`user_id`,`action_ip`,`model`,`record_id`,`create_time`,`remark`) VALUES ('1','1','0','member','1','1458637040','Administrator在2016-03-22 16:57登录了后台') [ RunTime:0.0267s ]
SQL: SELECT * FROM `w_action` WHERE `name` = 'user_login' LIMIT 1   [ RunTime:0.0003s ]
NOTIC: [8] Undefined offset: 1 E:\projects\whs\Application\Common\Common\function.php 第 679 行.
NOTIC: [2] array_key_exists() expects parameter 2 to be array, null given E:\projects\whs\Application\Common\Common\function.php 第 679 行.
SQL: SELECT COUNT(*) AS tp_count FROM `w_action_log` WHERE `action_id` = 1 AND `user_id` = 1 AND `create_time` > 1458550640 LIMIT 1   [ RunTime:0.0810s ]
SQL: SHOW COLUMNS FROM `w_member` [ RunTime:0.0078s ]
SQL: UPDATE `w_member` SET `score`=score+10 WHERE ( uid=1 AND status>-1 ) [ RunTime:0.0004s ]
SQL: UPDATE `w_member` SET `login`=`login`+1,`last_login_time`='1458637040',`last_login_ip`='0' WHERE `uid` = 1 [ RunTime:0.0006s ]

[ 2016-03-22T16:57:20+08:00 ] ::1 /whs/index.php/Index/index.html
INFO: [ app_init ] --START--
INFO: Run Behavior\BuildLiteBehavior [ RunTime:0.000057s ]
INFO: Run Common\Behavior\InitHookBehavior [ RunTime:0.005814s ]
INFO: [ app_init ] --END-- [ RunTime:0.008455s ]
INFO: [ app_begin ] --START--
INFO: Run Behavior\ReadHtmlCacheBehavior [ RunTime:0.001201s ]
INFO: [ app_begin ] --END-- [ RunTime:0.001336s ]
SQL: SHOW COLUMNS FROM `w_menu` [ RunTime:0.0094s ]
SQL: SELECT `id`,`title`,`url` FROM `w_menu` WHERE `pid` = 0 AND `hide` = 0 ORDER BY sort asc  [ RunTime:0.0019s ]
SQL: SELECT `pid` FROM `w_menu` WHERE ( pid !=0 AND url like '%Index/index%' ) LIMIT 1   [ RunTime:0.0009s ]
INFO: [ view_parse ] --START--
INFO: [ template_filter ] --START--
INFO: Run Behavior\ContentReplaceBehavior [ RunTime:0.000117s ]
INFO: [ template_filter ] --END-- [ RunTime:0.000238s ]
INFO: Run Behavior\ParseTemplateBehavior [ RunTime:0.034584s ]
INFO: [ view_parse ] --END-- [ RunTime:0.034726s ]
INFO: [ view_filter ] --START--
INFO: Run Behavior\WriteHtmlCacheBehavior [ RunTime:0.001015s ]
INFO: [ view_filter ] --END-- [ RunTime:0.001119s ]
INFO: [ app_end ] --START--
INFO: Run Behavior\ShowPageTraceBehavior [ RunTime:0.002035s ]
INFO: [ app_end ] --END-- [ RunTime:0.002186s ]

[ 2016-03-22T16:57:22+08:00 ] ::1 /whs/index.php/Flow/lists.html
INFO: [ app_init ] --START--
INFO: Run Behavior\BuildLiteBehavior [ RunTime:0.000029s ]
INFO: Run Common\Behavior\InitHookBehavior [ RunTime:0.005497s ]
INFO: [ app_init ] --END-- [ RunTime:0.006482s ]
INFO: [ app_begin ] --START--
INFO: Run Behavior\ReadHtmlCacheBehavior [ RunTime:0.001231s ]
INFO: [ app_begin ] --END-- [ RunTime:0.001383s ]
NOTIC: [2048] Declaration of Admin\Controller\FlowController::lists() should be compatible with that of Admin\Controller\AdminController::lists() E:\projects\whs\Application\Admin\Controller\FlowController.class.php 第 17 行.
SQL: SHOW COLUMNS FROM `w_menu` [ RunTime:0.0110s ]
SQL: SELECT `id`,`title`,`url` FROM `w_menu` WHERE `pid` = 0 AND `hide` = 0 ORDER BY sort asc  [ RunTime:0.0004s ]
SQL: SELECT `pid` FROM `w_menu` WHERE ( pid !=0 AND url like '%Flow/lists%' ) LIMIT 1   [ RunTime:0.0009s ]
SQL: SHOW COLUMNS FROM `w_bus` [ RunTime:0.0755s ]
SQL: SELECT `driver`,`plate` FROM `w_bus`  [ RunTime:0.0004s ]
SQL: SHOW COLUMNS FROM `w_flow` [ RunTime:0.0233s ]
SQL: SELECT * FROM `w_flow` WHERE (  xfdate >= 1456761600 and xfdate <= 1459439999  ) ORDER BY xfdate asc   [ RunTime:0.0006s ]
INFO: [ view_parse ] --START--
INFO: [ template_filter ] --START--
INFO: Run Behavior\ContentReplaceBehavior [ RunTime:0.000157s ]
INFO: [ template_filter ] --END-- [ RunTime:0.000296s ]
INFO: Run Behavior\ParseTemplateBehavior [ RunTime:0.038293s ]
INFO: [ view_parse ] --END-- [ RunTime:0.038442s ]
INFO: [ view_filter ] --START--
INFO: Run Behavior\WriteHtmlCacheBehavior [ RunTime:0.001140s ]
INFO: [ view_filter ] --END-- [ RunTime:0.001245s ]
INFO: [ app_end ] --START--
INFO: Run Behavior\ShowPageTraceBehavior [ RunTime:0.001345s ]
INFO: [ app_end ] --END-- [ RunTime:0.001460s ]

[ 2016-03-22T16:57:38+08:00 ] ::1 /whs/index.php/Flow/lists.html
INFO: [ app_init ] --START--
INFO: Run Behavior\BuildLiteBehavior [ RunTime:0.000030s ]
INFO: Run Common\Behavior\InitHookBehavior [ RunTime:0.005154s ]
INFO: [ app_init ] --END-- [ RunTime:0.006095s ]
INFO: [ app_begin ] --START--
INFO: Run Behavior\ReadHtmlCacheBehavior [ RunTime:0.001393s ]
INFO: [ app_begin ] --END-- [ RunTime:0.001605s ]
NOTIC: [2048] Declaration of Admin\Controller\FlowController::lists() should be compatible with that of Admin\Controller\AdminController::lists() E:\projects\whs\Application\Admin\Controller\FlowController.class.php 第 17 行.
SQL: SHOW COLUMNS FROM `w_menu` [ RunTime:0.0106s ]
SQL: SELECT `id`,`title`,`url` FROM `w_menu` WHERE `pid` = 0 AND `hide` = 0 ORDER BY sort asc  [ RunTime:0.0008s ]
SQL: SELECT `pid` FROM `w_menu` WHERE ( pid !=0 AND url like '%Flow/lists%' ) LIMIT 1   [ RunTime:0.0014s ]
SQL: SHOW COLUMNS FROM `w_bus` [ RunTime:0.0159s ]
SQL: SELECT `driver`,`plate` FROM `w_bus`  [ RunTime:0.0004s ]
SQL: SHOW COLUMNS FROM `w_flow` [ RunTime:0.0075s ]
SQL: SELECT * FROM `w_flow` WHERE (  xfdate >= 1456761600 and xfdate <= 1459439999  ) ORDER BY xfdate asc   [ RunTime:0.0005s ]
INFO: [ view_parse ] --START--
INFO: [ template_filter ] --START--
INFO: Run Behavior\ContentReplaceBehavior [ RunTime:0.000157s ]
INFO: [ template_filter ] --END-- [ RunTime:0.000290s ]
INFO: Run Behavior\ParseTemplateBehavior [ RunTime:0.036076s ]
INFO: [ view_parse ] --END-- [ RunTime:0.036200s ]
INFO: [ view_filter ] --START--
INFO: Run Behavior\WriteHtmlCacheBehavior [ RunTime:0.001068s ]
INFO: [ view_filter ] --END-- [ RunTime:0.001172s ]
INFO: [ app_end ] --START--
INFO: Run Behavior\ShowPageTraceBehavior [ RunTime:0.001231s ]
INFO: [ app_end ] --END-- [ RunTime:0.001338s ]

[ 2016-03-22T16:57:42+08:00 ] ::1 /whs/index.php/Flow/expUser.html
INFO: [ app_init ] --START--
INFO: Run Behavior\BuildLiteBehavior [ RunTime:0.000026s ]
INFO: Run Common\Behavior\InitHookBehavior [ RunTime:0.005455s ]
INFO: [ app_init ] --END-- [ RunTime:0.006579s ]
INFO: [ app_begin ] --START--
INFO: Run Behavior\ReadHtmlCacheBehavior [ RunTime:0.001288s ]
INFO: [ app_begin ] --END-- [ RunTime:0.001423s ]
NOTIC: [2048] Declaration of Admin\Controller\FlowController::lists() should be compatible with that of Admin\Controller\AdminController::lists() E:\projects\whs\Application\Admin\Controller\FlowController.class.php 第 17 行.
SQL: SHOW COLUMNS FROM `w_menu` [ RunTime:0.0102s ]
SQL: SELECT `id`,`title`,`url` FROM `w_menu` WHERE `pid` = 0 AND `hide` = 0 ORDER BY sort asc  [ RunTime:0.0005s ]
SQL: SELECT `pid` FROM `w_menu` WHERE ( pid !=0 AND url like '%Flow/expUser%' ) LIMIT 1   [ RunTime:0.0014s ]
SQL: SHOW COLUMNS FROM `w_bus` [ RunTime:0.0152s ]
SQL: SELECT `driver`,`plate` FROM `w_bus`  [ RunTime:0.0003s ]
SQL: SHOW COLUMNS FROM `w_flow` [ RunTime:0.0072s ]
SQL: SELECT * FROM `w_flow` WHERE (  xfdate >= 1456761600 and xfdate <= 1459439999  ) ORDER BY xfdate asc   [ RunTime:0.0005s ]

[ 2016-03-22T17:08:07+08:00 ] ::1 /whs/index.php/Flow/expUser.html
INFO: [ app_init ] --START--
INFO: Run Behavior\BuildLiteBehavior [ RunTime:0.000109s ]
INFO: Run Common\Behavior\InitHookBehavior [ RunTime:0.005523s ]
INFO: [ app_init ] --END-- [ RunTime:0.007045s ]
INFO: [ app_begin ] --START--
INFO: Run Behavior\ReadHtmlCacheBehavior [ RunTime:0.001345s ]
INFO: [ app_begin ] --END-- [ RunTime:0.001486s ]
NOTIC: [2048] Declaration of Admin\Controller\FlowController::lists() should be compatible with that of Admin\Controller\AdminController::lists() E:\projects\whs\Application\Admin\Controller\FlowController.class.php 第 17 行.
SQL: SHOW COLUMNS FROM `w_menu` [ RunTime:0.0108s ]
SQL: SELECT `id`,`title`,`url` FROM `w_menu` WHERE `pid` = 0 AND `hide` = 0 ORDER BY sort asc  [ RunTime:0.0004s ]
SQL: SELECT `pid` FROM `w_menu` WHERE ( pid !=0 AND url like '%Flow/expUser%' ) LIMIT 1   [ RunTime:0.0012s ]
SQL: SHOW COLUMNS FROM `w_bus` [ RunTime:0.0152s ]
SQL: SELECT `driver`,`plate` FROM `w_bus`  [ RunTime:0.0003s ]
SQL: SHOW COLUMNS FROM `w_flow` [ RunTime:0.0066s ]
SQL: SELECT * FROM `w_flow` WHERE (  xfdate >= 1456761600 and xfdate <= 1459439999  ) ORDER BY xfdate asc   [ RunTime:0.0006s ]
NOTIC: [8] Undefined index: xfdate E:\projects\whs\Application\Admin\Controller\FlowController.class.php 第 240 行.
NOTIC: [8] Undefined index: xfdate E:\projects\whs\Application\Admin\Controller\FlowController.class.php 第 240 行.
NOTIC: [8] Undefined index: xfdate E:\projects\whs\Application\Admin\Controller\FlowController.class.php 第 240 行.
NOTIC: [8] Undefined index: xfdate E:\projects\whs\Application\Admin\Controller\FlowController.class.php 第 240 行.
NOTIC: [8] Undefined index: xfdate E:\projects\whs\Application\Admin\Controller\FlowController.class.php 第 240 行.
NOTIC: [8] Undefined index: xfdate E:\projects\whs\Application\Admin\Controller\FlowController.class.php 第 240 行.
NOTIC: [8] Undefined index: xfdate E:\projects\whs\Application\Admin\Controller\FlowController.class.php 第 240 行.
NOTIC: [8] Undefined index: xfdate E:\projects\whs\Application\Admin\Controller\FlowController.class.php 第 240 行.
NOTIC: [8] Undefined index: total E:\projects\whs\Application\Admin\Controller\FlowController.class.php 第 264 行.
NOTIC: [8] Undefined index: total E:\projects\whs\Application\Admin\Controller\FlowController.class.php 第 264 行.
NOTIC: [8] Undefined index: total E:\projects\whs\Application\Admin\Controller\FlowController.class.php 第 264 行.
NOTIC: [8] Undefined index: total E:\projects\whs\Application\Admin\Controller\FlowController.class.php 第 264 行.
NOTIC: [8] Undefined index: total E:\projects\whs\Application\Admin\Controller\FlowController.class.php 第 264 行.
NOTIC: [8] Undefined index: total E:\projects\whs\Application\Admin\Controller\FlowController.class.php 第 264 行.
NOTIC: [8] Undefined index: total E:\projects\whs\Application\Admin\Controller\FlowController.class.php 第 264 行.
NOTIC: [8] Undefined index: total E:\projects\whs\Application\Admin\Controller\FlowController.class.php 第 264 行.

[ 2016-03-22T17:08:08+08:00 ] ::1 /whs/index.php/Flow/expUser.html
INFO: [ app_init ] --START--
INFO: Run Behavior\BuildLiteBehavior [ RunTime:0.000025s ]
INFO: Run Common\Behavior\InitHookBehavior [ RunTime:0.004727s ]
INFO: [ app_init ] --END-- [ RunTime:0.005617s ]
INFO: [ app_begin ] --START--
INFO: Run Behavior\ReadHtmlCacheBehavior [ RunTime:0.001222s ]
INFO: [ app_begin ] --END-- [ RunTime:0.001360s ]
NOTIC: [2048] Declaration of Admin\Controller\FlowController::lists() should be compatible with that of Admin\Controller\AdminController::lists() E:\projects\whs\Application\Admin\Controller\FlowController.class.php 第 17 行.
SQL: SHOW COLUMNS FROM `w_menu` [ RunTime:0.0070s ]
SQL: SELECT `id`,`title`,`url` FROM `w_menu` WHERE `pid` = 0 AND `hide` = 0 ORDER BY sort asc  [ RunTime:0.0004s ]
SQL: SELECT `pid` FROM `w_menu` WHERE ( pid !=0 AND url like '%Flow/expUser%' ) LIMIT 1   [ RunTime:0.0009s ]
SQL: SHOW COLUMNS FROM `w_bus` [ RunTime:0.0075s ]
SQL: SELECT `driver`,`plate` FROM `w_bus`  [ RunTime:0.0003s ]
SQL: SHOW COLUMNS FROM `w_flow` [ RunTime:0.0065s ]
SQL: SELECT * FROM `w_flow` WHERE (  xfdate >= 1456761600 and xfdate <= 1459439999  ) ORDER BY xfdate asc   [ RunTime:0.0005s ]
NOTIC: [8] Undefined index: xfdate E:\projects\whs\Application\Admin\Controller\FlowController.class.php 第 240 行.
NOTIC: [8] Undefined index: xfdate E:\projects\whs\Application\Admin\Controller\FlowController.class.php 第 240 行.
NOTIC: [8] Undefined index: xfdate E:\projects\whs\Application\Admin\Controller\FlowController.class.php 第 240 行.
NOTIC: [8] Undefined index: xfdate E:\projects\whs\Application\Admin\Controller\FlowController.class.php 第 240 行.
NOTIC: [8] Undefined index: xfdate E:\projects\whs\Application\Admin\Controller\FlowController.class.php 第 240 行.
NOTIC: [8] Undefined index: xfdate E:\projects\whs\Application\Admin\Controller\FlowController.class.php 第 240 行.
NOTIC: [8] Undefined index: xfdate E:\projects\whs\Application\Admin\Controller\FlowController.class.php 第 240 行.
NOTIC: [8] Undefined index: xfdate E:\projects\whs\Application\Admin\Controller\FlowController.class.php 第 240 行.
NOTIC: [8] Undefined index: total E:\projects\whs\Application\Admin\Controller\FlowController.class.php 第 264 行.
NOTIC: [8] Undefined index: total E:\projects\whs\Application\Admin\Controller\FlowController.class.php 第 264 行.
NOTIC: [8] Undefined index: total E:\projects\whs\Application\Admin\Controller\FlowController.class.php 第 264 行.
NOTIC: [8] Undefined index: total E:\projects\whs\Application\Admin\Controller\FlowController.class.php 第 264 行.
NOTIC: [8] Undefined index: total E:\projects\whs\Application\Admin\Controller\FlowController.class.php 第 264 行.
NOTIC: [8] Undefined index: total E:\projects\whs\Application\Admin\Controller\FlowController.class.php 第 264 行.
NOTIC: [8] Undefined index: total E:\projects\whs\Application\Admin\Controller\FlowController.class.php 第 264 行.
NOTIC: [8] Undefined index: total E:\projects\whs\Application\Admin\Controller\FlowController.class.php 第 264 行.

[ 2016-03-22T17:08:34+08:00 ] ::1 /whs/index.php/Flow/lists.html
INFO: [ app_init ] --START--
INFO: Run Behavior\BuildLiteBehavior [ RunTime:0.000028s ]
INFO: Run Common\Behavior\InitHookBehavior [ RunTime:0.004832s ]
INFO: [ app_init ] --END-- [ RunTime:0.005817s ]
INFO: [ app_begin ] --START--
INFO: Run Behavior\ReadHtmlCacheBehavior [ RunTime:0.001188s ]
INFO: [ app_begin ] --END-- [ RunTime:0.001321s ]
NOTIC: [2048] Declaration of Admin\Controller\FlowController::lists() should be compatible with that of Admin\Controller\AdminController::lists() E:\projects\whs\Application\Admin\Controller\FlowController.class.php 第 17 行.
SQL: SHOW COLUMNS FROM `w_menu` [ RunTime:0.0073s ]
SQL: SELECT `id`,`title`,`url` FROM `w_menu` WHERE `pid` = 0 AND `hide` = 0 ORDER BY sort asc  [ RunTime:0.0005s ]
SQL: SELECT `pid` FROM `w_menu` WHERE ( pid !=0 AND url like '%Flow/lists%' ) LIMIT 1   [ RunTime:0.0010s ]
SQL: SHOW COLUMNS FROM `w_bus` [ RunTime:0.0087s ]
SQL: SELECT `driver`,`plate` FROM `w_bus`  [ RunTime:0.0005s ]
SQL: SHOW COLUMNS FROM `w_flow` [ RunTime:0.0063s ]
SQL: SELECT * FROM `w_flow` WHERE (  xfdate >= 1456761600 and xfdate <= 1459439999  ) ORDER BY xfdate asc   [ RunTime:0.0006s ]
INFO: [ view_parse ] --START--
INFO: [ template_filter ] --START--
INFO: Run Behavior\ContentReplaceBehavior [ RunTime:0.000153s ]
INFO: [ template_filter ] --END-- [ RunTime:0.000283s ]
INFO: Run Behavior\ParseTemplateBehavior [ RunTime:0.036137s ]
INFO: [ view_parse ] --END-- [ RunTime:0.036287s ]
INFO: [ view_filter ] --START--
INFO: Run Behavior\WriteHtmlCacheBehavior [ RunTime:0.001128s ]
INFO: [ view_filter ] --END-- [ RunTime:0.001236s ]
INFO: [ app_end ] --START--
INFO: Run Behavior\ShowPageTraceBehavior [ RunTime:0.001218s ]
INFO: [ app_end ] --END-- [ RunTime:0.001326s ]

[ 2016-03-22T17:08:35+08:00 ] ::1 /whs/index.php/Flow/expUser.html
INFO: [ app_init ] --START--
INFO: Run Behavior\BuildLiteBehavior [ RunTime:0.000029s ]
INFO: Run Common\Behavior\InitHookBehavior [ RunTime:0.005201s ]
INFO: [ app_init ] --END-- [ RunTime:0.006110s ]
INFO: [ app_begin ] --START--
INFO: Run Behavior\ReadHtmlCacheBehavior [ RunTime:0.001381s ]
INFO: [ app_begin ] --END-- [ RunTime:0.001548s ]
NOTIC: [2048] Declaration of Admin\Controller\FlowController::lists() should be compatible with that of Admin\Controller\AdminController::lists() E:\projects\whs\Application\Admin\Controller\FlowController.class.php 第 17 行.
SQL: SHOW COLUMNS FROM `w_menu` [ RunTime:0.0109s ]
SQL: SELECT `id`,`title`,`url` FROM `w_menu` WHERE `pid` = 0 AND `hide` = 0 ORDER BY sort asc  [ RunTime:0.0004s ]
SQL: SELECT `pid` FROM `w_menu` WHERE ( pid !=0 AND url like '%Flow/expUser%' ) LIMIT 1   [ RunTime:0.0009s ]
SQL: SHOW COLUMNS FROM `w_bus` [ RunTime:0.0151s ]
SQL: SELECT `driver`,`plate` FROM `w_bus`  [ RunTime:0.0003s ]
SQL: SHOW COLUMNS FROM `w_flow` [ RunTime:0.0081s ]
SQL: SELECT * FROM `w_flow` WHERE (  xfdate >= 1456761600 and xfdate <= 1459439999  ) ORDER BY xfdate asc   [ RunTime:0.0005s ]

[ 2016-03-22T17:08:53+08:00 ] ::1 /whs/index.php/Flow/expUser.html
INFO: [ app_init ] --START--
INFO: Run Behavior\BuildLiteBehavior [ RunTime:0.000031s ]
INFO: Run Common\Behavior\InitHookBehavior [ RunTime:0.005047s ]
INFO: [ app_init ] --END-- [ RunTime:0.005990s ]
INFO: [ app_begin ] --START--
INFO: Run Behavior\ReadHtmlCacheBehavior [ RunTime:0.002355s ]
INFO: [ app_begin ] --END-- [ RunTime:0.002527s ]
NOTIC: [2048] Declaration of Admin\Controller\FlowController::lists() should be compatible with that of Admin\Controller\AdminController::lists() E:\projects\whs\Application\Admin\Controller\FlowController.class.php 第 17 行.
SQL: SHOW COLUMNS FROM `w_menu` [ RunTime:0.0071s ]
SQL: SELECT `id`,`title`,`url` FROM `w_menu` WHERE `pid` = 0 AND `hide` = 0 ORDER BY sort asc  [ RunTime:0.0005s ]
SQL: SELECT `pid` FROM `w_menu` WHERE ( pid !=0 AND url like '%Flow/expUser%' ) LIMIT 1   [ RunTime:0.0009s ]
SQL: SHOW COLUMNS FROM `w_bus` [ RunTime:0.0068s ]
SQL: SELECT `driver`,`plate` FROM `w_bus`  [ RunTime:0.0003s ]
SQL: SHOW COLUMNS FROM `w_flow` [ RunTime:0.0074s ]
SQL: SELECT * FROM `w_flow` WHERE (  xfdate >= 1456761600 and xfdate <= 1459439999  ) ORDER BY xfdate asc   [ RunTime:0.0005s ]
NOTIC: [8] Undefined index: xfdate E:\projects\whs\Application\Admin\Controller\FlowController.class.php 第 233 行.
NOTIC: [8] Undefined index: xfdate E:\projects\whs\Application\Admin\Controller\FlowController.class.php 第 233 行.
NOTIC: [8] Undefined index: xfdate E:\projects\whs\Application\Admin\Controller\FlowController.class.php 第 233 行.
NOTIC: [8] Undefined index: xfdate E:\projects\whs\Application\Admin\Controller\FlowController.class.php 第 233 行.
NOTIC: [8] Undefined index: xfdate E:\projects\whs\Application\Admin\Controller\FlowController.class.php 第 233 行.
NOTIC: [8] Undefined index: xfdate E:\projects\whs\Application\Admin\Controller\FlowController.class.php 第 233 行.
NOTIC: [8] Undefined index: xfdate E:\projects\whs\Application\Admin\Controller\FlowController.class.php 第 233 行.
NOTIC: [8] Undefined index: xfdate E:\projects\whs\Application\Admin\Controller\FlowController.class.php 第 233 行.
NOTIC: [8] Undefined index: total E:\projects\whs\Application\Admin\Controller\FlowController.class.php 第 257 行.
NOTIC: [8] Undefined index: total E:\projects\whs\Application\Admin\Controller\FlowController.class.php 第 257 行.
NOTIC: [8] Undefined index: total E:\projects\whs\Application\Admin\Controller\FlowController.class.php 第 257 行.
NOTIC: [8] Undefined index: total E:\projects\whs\Application\Admin\Controller\FlowController.class.php 第 257 行.
NOTIC: [8] Undefined index: total E:\projects\whs\Application\Admin\Controller\FlowController.class.php 第 257 行.
NOTIC: [8] Undefined index: total E:\projects\whs\Application\Admin\Controller\FlowController.class.php 第 257 行.
NOTIC: [8] Undefined index: total E:\projects\whs\Application\Admin\Controller\FlowController.class.php 第 257 行.
NOTIC: [8] Undefined index: total E:\projects\whs\Application\Admin\Controller\FlowController.class.php 第 257 行.

[ 2016-03-22T17:08:54+08:00 ] ::1 /whs/index.php/Flow/expUser.html
INFO: [ app_init ] --START--
INFO: Run Behavior\BuildLiteBehavior [ RunTime:0.000031s ]
INFO: Run Common\Behavior\InitHookBehavior [ RunTime:0.005166s ]
INFO: [ app_init ] --END-- [ RunTime:0.006073s ]
INFO: [ app_begin ] --START--
INFO: Run Behavior\ReadHtmlCacheBehavior [ RunTime:0.001288s ]
INFO: [ app_begin ] --END-- [ RunTime:0.001454s ]
NOTIC: [2048] Declaration of Admin\Controller\FlowController::lists() should be compatible with that of Admin\Controller\AdminController::lists() E:\projects\whs\Application\Admin\Controller\FlowController.class.php 第 17 行.
SQL: SHOW COLUMNS FROM `w_menu` [ RunTime:0.0075s ]
SQL: SELECT `id`,`title`,`url` FROM `w_menu` WHERE `pid` = 0 AND `hide` = 0 ORDER BY sort asc  [ RunTime:0.0004s ]
SQL: SELECT `pid` FROM `w_menu` WHERE ( pid !=0 AND url like '%Flow/expUser%' ) LIMIT 1   [ RunTime:0.0009s ]
SQL: SHOW COLUMNS FROM `w_bus` [ RunTime:0.0065s ]
SQL: SELECT `driver`,`plate` FROM `w_bus`  [ RunTime:0.0003s ]
SQL: SHOW COLUMNS FROM `w_flow` [ RunTime:0.0073s ]
SQL: SELECT * FROM `w_flow` WHERE (  xfdate >= 1456761600 and xfdate <= 1459439999  ) ORDER BY xfdate asc   [ RunTime:0.0005s ]
NOTIC: [8] Undefined index: xfdate E:\projects\whs\Application\Admin\Controller\FlowController.class.php 第 233 行.
NOTIC: [8] Undefined index: xfdate E:\projects\whs\Application\Admin\Controller\FlowController.class.php 第 233 行.
NOTIC: [8] Undefined index: xfdate E:\projects\whs\Application\Admin\Controller\FlowController.class.php 第 233 行.
NOTIC: [8] Undefined index: xfdate E:\projects\whs\Application\Admin\Controller\FlowController.class.php 第 233 行.
NOTIC: [8] Undefined index: xfdate E:\projects\whs\Application\Admin\Controller\FlowController.class.php 第 233 行.
NOTIC: [8] Undefined index: xfdate E:\projects\whs\Application\Admin\Controller\FlowController.class.php 第 233 行.
NOTIC: [8] Undefined index: xfdate E:\projects\whs\Application\Admin\Controller\FlowController.class.php 第 233 行.
NOTIC: [8] Undefined index: xfdate E:\projects\whs\Application\Admin\Controller\FlowController.class.php 第 233 行.
NOTIC: [8] Undefined index: total E:\projects\whs\Application\Admin\Controller\FlowController.class.php 第 257 行.
NOTIC: [8] Undefined index: total E:\projects\whs\Application\Admin\Controller\FlowController.class.php 第 257 行.
NOTIC: [8] Undefined index: total E:\projects\whs\Application\Admin\Controller\FlowController.class.php 第 257 行.
NOTIC: [8] Undefined index: total E:\projects\whs\Application\Admin\Controller\FlowController.class.php 第 257 行.
NOTIC: [8] Undefined index: total E:\projects\whs\Application\Admin\Controller\FlowController.class.php 第 257 行.
NOTIC: [8] Undefined index: total E:\projects\whs\Application\Admin\Controller\FlowController.class.php 第 257 行.
NOTIC: [8] Undefined index: total E:\projects\whs\Application\Admin\Controller\FlowController.class.php 第 257 行.
NOTIC: [8] Undefined index: total E:\projects\whs\Application\Admin\Controller\FlowController.class.php 第 257 行.

[ 2016-03-22T17:11:05+08:00 ] ::1 /whs/index.php/Flow/expUser.html
INFO: [ app_init ] --START--
INFO: Run Behavior\BuildLiteBehavior [ RunTime:0.000031s ]
INFO: Run Common\Behavior\InitHookBehavior [ RunTime:0.005253s ]
INFO: [ app_init ] --END-- [ RunTime:0.006210s ]
INFO: [ app_begin ] --START--
INFO: Run Behavior\ReadHtmlCacheBehavior [ RunTime:0.001962s ]
INFO: [ app_begin ] --END-- [ RunTime:0.002162s ]
NOTIC: [2048] Declaration of Admin\Controller\FlowController::lists() should be compatible with that of Admin\Controller\AdminController::lists() E:\projects\whs\Application\Admin\Controller\FlowController.class.php 第 17 行.
SQL: SHOW COLUMNS FROM `w_menu` [ RunTime:0.0076s ]
SQL: SELECT `id`,`title`,`url` FROM `w_menu` WHERE `pid` = 0 AND `hide` = 0 ORDER BY sort asc  [ RunTime:0.0007s ]
SQL: SELECT `pid` FROM `w_menu` WHERE ( pid !=0 AND url like '%Flow/expUser%' ) LIMIT 1   [ RunTime:0.0009s ]
SQL: SHOW COLUMNS FROM `w_bus` [ RunTime:0.0070s ]
SQL: SELECT `driver`,`plate` FROM `w_bus`  [ RunTime:0.0003s ]
SQL: SHOW COLUMNS FROM `w_flow` [ RunTime:0.0080s ]
SQL: SELECT * FROM `w_flow` WHERE (  xfdate >= 1456761600 and xfdate <= 1459439999  ) ORDER BY xfdate asc   [ RunTime:0.0008s ]
NOTIC: [8] Undefined index: xfdate E:\projects\whs\Application\Admin\Controller\FlowController.class.php 第 233 行.
NOTIC: [8] Undefined index: xfdate E:\projects\whs\Application\Admin\Controller\FlowController.class.php 第 233 行.
NOTIC: [8] Undefined index: xfdate E:\projects\whs\Application\Admin\Controller\FlowController.class.php 第 233 行.
NOTIC: [8] Undefined index: xfdate E:\projects\whs\Application\Admin\Controller\FlowController.class.php 第 233 行.
NOTIC: [8] Undefined index: xfdate E:\projects\whs\Application\Admin\Controller\FlowController.class.php 第 233 行.
NOTIC: [8] Undefined index: xfdate E:\projects\whs\Application\Admin\Controller\FlowController.class.php 第 233 行.
NOTIC: [8] Undefined index: xfdate E:\projects\whs\Application\Admin\Controller\FlowController.class.php 第 233 行.
NOTIC: [8] Undefined index: xfdate E:\projects\whs\Application\Admin\Controller\FlowController.class.php 第 233 行.
NOTIC: [8] Undefined index: total E:\projects\whs\Application\Admin\Controller\FlowController.class.php 第 257 行.
NOTIC: [8] Undefined index: total E:\projects\whs\Application\Admin\Controller\FlowController.class.php 第 257 行.
NOTIC: [8] Undefined index: total E:\projects\whs\Application\Admin\Controller\FlowController.class.php 第 257 行.
NOTIC: [8] Undefined index: total E:\projects\whs\Application\Admin\Controller\FlowController.class.php 第 257 行.
NOTIC: [8] Undefined index: total E:\projects\whs\Application\Admin\Controller\FlowController.class.php 第 257 行.
NOTIC: [8] Undefined index: total E:\projects\whs\Application\Admin\Controller\FlowController.class.php 第 257 行.
NOTIC: [8] Undefined index: total E:\projects\whs\Application\Admin\Controller\FlowController.class.php 第 257 行.
NOTIC: [8] Undefined index: total E:\projects\whs\Application\Admin\Controller\FlowController.class.php 第 257 行.

[ 2016-03-22T17:11:49+08:00 ] ::1 /whs/index.php/Flow/expUser.html
INFO: [ app_init ] --START--
INFO: Run Behavior\BuildLiteBehavior [ RunTime:0.000030s ]
INFO: Run Common\Behavior\InitHookBehavior [ RunTime:0.005068s ]
INFO: [ app_init ] --END-- [ RunTime:0.006008s ]
INFO: [ app_begin ] --START--
INFO: Run Behavior\ReadHtmlCacheBehavior [ RunTime:0.001201s ]
INFO: [ app_begin ] --END-- [ RunTime:0.001349s ]
NOTIC: [2048] Declaration of Admin\Controller\FlowController::lists() should be compatible with that of Admin\Controller\AdminController::lists() E:\projects\whs\Application\Admin\Controller\FlowController.class.php 第 17 行.
SQL: SHOW COLUMNS FROM `w_menu` [ RunTime:0.0079s ]
SQL: SELECT `id`,`title`,`url` FROM `w_menu` WHERE `pid` = 0 AND `hide` = 0 ORDER BY sort asc  [ RunTime:0.0004s ]
SQL: SELECT `pid` FROM `w_menu` WHERE ( pid !=0 AND url like '%Flow/expUser%' ) LIMIT 1   [ RunTime:0.0009s ]
SQL: SHOW COLUMNS FROM `w_bus` [ RunTime:0.0068s ]
SQL: SELECT `driver`,`plate` FROM `w_bus`  [ RunTime:0.0003s ]
SQL: SHOW COLUMNS FROM `w_flow` [ RunTime:0.0077s ]
SQL: SELECT * FROM `w_flow` WHERE (  xfdate >= 1456761600 and xfdate <= 1459439999  ) ORDER BY xfdate asc   [ RunTime:0.0006s ]
NOTIC: [8] Undefined index: xfdate E:\projects\whs\Application\Admin\Controller\FlowController.class.php 第 233 行.
NOTIC: [8] Undefined index: xfdate E:\projects\whs\Application\Admin\Controller\FlowController.class.php 第 233 行.
NOTIC: [8] Undefined index: xfdate E:\projects\whs\Application\Admin\Controller\FlowController.class.php 第 233 行.
NOTIC: [8] Undefined index: xfdate E:\projects\whs\Application\Admin\Controller\FlowController.class.php 第 233 行.
NOTIC: [8] Undefined index: xfdate E:\projects\whs\Application\Admin\Controller\FlowController.class.php 第 233 行.
NOTIC: [8] Undefined index: xfdate E:\projects\whs\Application\Admin\Controller\FlowController.class.php 第 233 行.
NOTIC: [8] Undefined index: xfdate E:\projects\whs\Application\Admin\Controller\FlowController.class.php 第 233 行.
NOTIC: [8] Undefined index: xfdate E:\projects\whs\Application\Admin\Controller\FlowController.class.php 第 233 行.
NOTIC: [8] Undefined index: total E:\projects\whs\Application\Admin\Controller\FlowController.class.php 第 257 行.
NOTIC: [8] Undefined index: total E:\projects\whs\Application\Admin\Controller\FlowController.class.php 第 257 行.
NOTIC: [8] Undefined index: total E:\projects\whs\Application\Admin\Controller\FlowController.class.php 第 257 行.
NOTIC: [8] Undefined index: total E:\projects\whs\Application\Admin\Controller\FlowController.class.php 第 257 行.
NOTIC: [8] Undefined index: total E:\projects\whs\Application\Admin\Controller\FlowController.class.php 第 257 行.
NOTIC: [8] Undefined index: total E:\projects\whs\Application\Admin\Controller\FlowController.class.php 第 257 行.
NOTIC: [8] Undefined index: total E:\projects\whs\Application\Admin\Controller\FlowController.class.php 第 257 行.
NOTIC: [8] Undefined index: total E:\projects\whs\Application\Admin\Controller\FlowController.class.php 第 257 行.

