[ 2016-03-23T13:35:16+08:00 ] ::1 /whs/index.php
INFO: [ app_init ] --START--
INFO: Run Behavior\BuildLiteBehavior [ RunTime:0.000027s ]
INFO: Run Common\Behavior\InitHookBehavior [ RunTime:0.054938s ]
INFO: [ app_init ] --END-- [ RunTime:0.056520s ]
INFO: [ app_begin ] --START--
INFO: Run Behavior\ReadHtmlCacheBehavior [ RunTime:0.010344s ]
INFO: [ app_begin ] --END-- [ RunTime:0.010617s ]

[ 2016-03-23T13:35:17+08:00 ] ::1 /whs/index.php/Public/login.html
INFO: [ app_init ] --START--
INFO: Run Behavior\BuildLiteBehavior [ RunTime:0.000024s ]
INFO: Run Common\Behavior\InitHookBehavior [ RunTime:0.005234s ]
INFO: [ app_init ] --END-- [ RunTime:0.006150s ]
INFO: [ app_begin ] --START--
INFO: Run Behavior\ReadHtmlCacheBehavior [ RunTime:0.001201s ]
INFO: [ app_begin ] --END-- [ RunTime:0.001337s ]
INFO: [ view_parse ] --START--
INFO: [ template_filter ] --START--
INFO: Run Behavior\ContentReplaceBehavior [ RunTime:0.000107s ]
INFO: [ template_filter ] --END-- [ RunTime:0.000224s ]
INFO: Run Behavior\ParseTemplateBehavior [ RunTime:0.024920s ]
INFO: [ view_parse ] --END-- [ RunTime:0.025059s ]
INFO: [ view_filter ] --START--
INFO: Run Behavior\WriteHtmlCacheBehavior [ RunTime:0.001418s ]
INFO: [ view_filter ] --END-- [ RunTime:0.001528s ]
INFO: [ app_end ] --START--
INFO: Run Behavior\ShowPageTraceBehavior [ RunTime:0.001982s ]
INFO: [ app_end ] --END-- [ RunTime:0.002108s ]

[ 2016-03-23T13:35:17+08:00 ] ::1 /whs/index.php/Public/verify.html
INFO: [ app_init ] --START--
INFO: Run Behavior\BuildLiteBehavior [ RunTime:0.000031s ]
INFO: Run Common\Behavior\InitHookBehavior [ RunTime:0.004998s ]
INFO: [ app_init ] --END-- [ RunTime:0.005968s ]
INFO: [ app_begin ] --START--
INFO: Run Behavior\ReadHtmlCacheBehavior [ RunTime:0.001925s ]
INFO: [ app_begin ] --END-- [ RunTime:0.002148s ]
INFO: [ app_end ] --START--
INFO: Run Behavior\ShowPageTraceBehavior [ RunTime:0.001403s ]
INFO: [ app_end ] --END-- [ RunTime:0.001545s ]

[ 2016-03-23T13:58:03+08:00 ] ::1 /whs/index.php/Public/login.html
INFO: [ app_init ] --START--
INFO: Run Behavior\BuildLiteBehavior [ RunTime:0.000026s ]
INFO: Run Common\Behavior\InitHookBehavior [ RunTime:0.004585s ]
INFO: [ app_init ] --END-- [ RunTime:0.005621s ]
INFO: [ app_begin ] --START--
INFO: Run Behavior\ReadHtmlCacheBehavior [ RunTime:0.001525s ]
INFO: [ app_begin ] --END-- [ RunTime:0.001721s ]
NOTIC: [8] Undefined index: lite E:\projects\whs\ThinkPHP\Library\Think\Db.class.php 第 37 行.
SQL: SHOW COLUMNS FROM `w_member` [ RunTime:0.0507s ]
SQL: SELECT `uid`,`nickname`,`sex`,`birthday`,`qq`,`score`,`login`,`reg_ip`,`reg_time`,`last_login_ip`,`last_login_time`,`status` FROM `w_member` WHERE `uid` = 1 LIMIT 1   [ RunTime:0.0012s ]
SQL: SHOW COLUMNS FROM `w_action` [ RunTime:0.0992s ]
SQL: SELECT * FROM `w_action` WHERE `name` = 'user_login' LIMIT 1   [ RunTime:0.0018s ]
SQL: SHOW COLUMNS FROM `w_action_log` [ RunTime:0.0198s ]
SQL: INSERT INTO `w_action_log` (`action_id`,`user_id`,`action_ip`,`model`,`record_id`,`create_time`,`remark`) VALUES ('1','1','0','member','1','1458712682','Administrator在2016-03-23 13:58登录了后台') [ RunTime:0.0015s ]
SQL: SELECT * FROM `w_action` WHERE `name` = 'user_login' LIMIT 1   [ RunTime:0.0006s ]
NOTIC: [8] Undefined offset: 1 E:\projects\whs\Application\Common\Common\function.php 第 679 行.
NOTIC: [2] array_key_exists() expects parameter 2 to be array, null given E:\projects\whs\Application\Common\Common\function.php 第 679 行.
SQL: SELECT COUNT(*) AS tp_count FROM `w_action_log` WHERE `action_id` = 1 AND `user_id` = 1 AND `create_time` > 1458626282 LIMIT 1   [ RunTime:0.0604s ]
SQL: UPDATE `w_member` SET `login`=`login`+1,`last_login_time`='1458712682',`last_login_ip`='0' WHERE `uid` = 1 [ RunTime:0.0009s ]

[ 2016-03-23T13:58:03+08:00 ] ::1 /whs/index.php/Index/index.html
INFO: [ app_init ] --START--
INFO: Run Behavior\BuildLiteBehavior [ RunTime:0.000028s ]
INFO: Run Common\Behavior\InitHookBehavior [ RunTime:0.003294s ]
INFO: [ app_init ] --END-- [ RunTime:0.004264s ]
INFO: [ app_begin ] --START--
INFO: Run Behavior\ReadHtmlCacheBehavior [ RunTime:0.000818s ]
INFO: [ app_begin ] --END-- [ RunTime:0.000934s ]
SQL: SHOW COLUMNS FROM `w_menu` [ RunTime:0.0087s ]
SQL: SELECT `id`,`title`,`url` FROM `w_menu` WHERE `pid` = 0 AND `hide` = 0 ORDER BY sort asc  [ RunTime:0.0198s ]
SQL: SELECT `pid` FROM `w_menu` WHERE ( pid !=0 AND url like '%Index/index%' ) LIMIT 1   [ RunTime:0.0018s ]
INFO: [ view_parse ] --START--
INFO: [ template_filter ] --START--
INFO: Run Behavior\ContentReplaceBehavior [ RunTime:0.000334s ]
INFO: [ template_filter ] --END-- [ RunTime:0.000683s ]
INFO: Run Behavior\ParseTemplateBehavior [ RunTime:0.053259s ]
INFO: [ view_parse ] --END-- [ RunTime:0.053582s ]
INFO: [ view_filter ] --START--
INFO: Run Behavior\WriteHtmlCacheBehavior [ RunTime:0.002374s ]
INFO: [ view_filter ] --END-- [ RunTime:0.002688s ]
INFO: [ app_end ] --START--
INFO: Run Behavior\ShowPageTraceBehavior [ RunTime:0.004304s ]
INFO: [ app_end ] --END-- [ RunTime:0.004748s ]

[ 2016-03-23T13:58:05+08:00 ] ::1 /whs/index.php/Flow/lists.html
INFO: [ app_init ] --START--
INFO: Run Behavior\BuildLiteBehavior [ RunTime:0.000024s ]
INFO: Run Common\Behavior\InitHookBehavior [ RunTime:0.004969s ]
INFO: [ app_init ] --END-- [ RunTime:0.006045s ]
INFO: [ app_begin ] --START--
INFO: Run Behavior\ReadHtmlCacheBehavior [ RunTime:0.001198s ]
INFO: [ app_begin ] --END-- [ RunTime:0.001320s ]
NOTIC: [2048] Declaration of Admin\Controller\FlowController::lists() should be compatible with that of Admin\Controller\AdminController::lists() E:\projects\whs\Application\Admin\Controller\FlowController.class.php 第 17 行.
SQL: SHOW COLUMNS FROM `w_menu` [ RunTime:0.0107s ]
SQL: SELECT `id`,`title`,`url` FROM `w_menu` WHERE `pid` = 0 AND `hide` = 0 ORDER BY sort asc  [ RunTime:0.0005s ]
SQL: SELECT `pid` FROM `w_menu` WHERE ( pid !=0 AND url like '%Flow/lists%' ) LIMIT 1   [ RunTime:0.0010s ]
SQL: SHOW COLUMNS FROM `w_bus` [ RunTime:0.0802s ]
SQL: SELECT `driver`,`plate` FROM `w_bus`  [ RunTime:0.0004s ]
SQL: SHOW COLUMNS FROM `w_flow` [ RunTime:0.0077s ]
SQL: SELECT * FROM `w_flow` WHERE (  xfdate >= 1456761600 and xfdate <= 1459439999  ) ORDER BY xfdate asc   [ RunTime:0.0009s ]
INFO: [ view_parse ] --START--
INFO: [ template_filter ] --START--
INFO: Run Behavior\ContentReplaceBehavior [ RunTime:0.000392s ]
INFO: [ template_filter ] --END-- [ RunTime:0.001072s ]
INFO: Run Behavior\ParseTemplateBehavior [ RunTime:0.102697s ]
INFO: [ view_parse ] --END-- [ RunTime:0.102832s ]
INFO: [ view_filter ] --START--
INFO: Run Behavior\WriteHtmlCacheBehavior [ RunTime:0.001195s ]
INFO: [ view_filter ] --END-- [ RunTime:0.001308s ]
INFO: [ app_end ] --START--
INFO: Run Behavior\ShowPageTraceBehavior [ RunTime:0.001160s ]
INFO: [ app_end ] --END-- [ RunTime:0.001256s ]

