[ 2016-03-16T20:07:18+08:00 ] 192.168.1.127 /whs/admin.php/Index/index.html
INFO: [ app_init ] --START--
INFO: Run Behavior\BuildLiteBehavior [ RunTime:0.000032s ]
SQL: SHOW COLUMNS FROM `w_hooks` [ RunTime:0.0442s ]
SQL: SELECT `name`,`addons` FROM `w_hooks`  [ RunTime:0.0035s ]
SQL: SHOW COLUMNS FROM `w_addons` [ RunTime:0.0510s ]
SQL: SELECT `id`,`name` FROM `w_addons` WHERE `status` = 1 AND `name` IN ('ReturnTop')  [ RunTime:0.0015s ]
SQL: SELECT `id`,`name` FROM `w_addons` WHERE `status` = 1 AND `name` IN ('Attachment')  [ RunTime:0.0009s ]
SQL: SELECT `id`,`name` FROM `w_addons` WHERE `status` = 1 AND `name` IN ('Attachment','SocialComment')  [ RunTime:0.0009s ]
SQL: SELECT `id`,`name` FROM `w_addons` WHERE `status` = 1 AND `name` IN ('Attachment')  [ RunTime:0.0009s ]
SQL: SELECT `id`,`name` FROM `w_addons` WHERE `status` = 1 AND `name` IN ('Editor')  [ RunTime:0.0009s ]
SQL: SELECT `id`,`name` FROM `w_addons` WHERE `status` = 1 AND `name` IN ('EditorForAdmin')  [ RunTime:0.0011s ]
SQL: SELECT `id`,`name` FROM `w_addons` WHERE `status` = 1 AND `name` IN ('SiteStat','SystemInfo','DevTeam')  [ RunTime:0.0009s ]
SQL: SELECT `id`,`name` FROM `w_addons` WHERE `status` = 1 AND `name` IN ('Editor')  [ RunTime:0.0008s ]
INFO: Run Common\Behavior\InitHookBehavior [ RunTime:0.148869s ]
INFO: [ app_init ] --END-- [ RunTime:0.150363s ]
INFO: [ app_begin ] --START--
INFO: Run Behavior\ReadHtmlCacheBehavior [ RunTime:0.011810s ]
INFO: [ app_begin ] --END-- [ RunTime:0.012085s ]

[ 2016-03-16T20:07:19+08:00 ] 192.168.1.127 /whs/admin.php/Public/login.html
INFO: [ app_init ] --START--
INFO: Run Behavior\BuildLiteBehavior [ RunTime:0.000024s ]
INFO: Run Common\Behavior\InitHookBehavior [ RunTime:0.004891s ]
INFO: [ app_init ] --END-- [ RunTime:0.005772s ]
INFO: [ app_begin ] --START--
INFO: Run Behavior\ReadHtmlCacheBehavior [ RunTime:0.001143s ]
INFO: [ app_begin ] --END-- [ RunTime:0.001264s ]
SQL: SHOW COLUMNS FROM `w_config` [ RunTime:0.0084s ]
SQL: SELECT `type`,`name`,`value` FROM `w_config` WHERE `status` = 1  [ RunTime:0.0008s ]
INFO: [ view_parse ] --START--
INFO: [ template_filter ] --START--
INFO: Run Behavior\ContentReplaceBehavior [ RunTime:0.000197s ]
INFO: [ template_filter ] --END-- [ RunTime:0.000386s ]
INFO: Run Behavior\ParseTemplateBehavior [ RunTime:0.015137s ]
INFO: [ view_parse ] --END-- [ RunTime:0.015285s ]
INFO: [ view_filter ] --START--
INFO: Run Behavior\WriteHtmlCacheBehavior [ RunTime:0.002100s ]
INFO: [ view_filter ] --END-- [ RunTime:0.002250s ]
INFO: [ app_end ] --START--
INFO: Run Behavior\ShowPageTraceBehavior [ RunTime:0.002002s ]
INFO: [ app_end ] --END-- [ RunTime:0.002140s ]

[ 2016-03-16T20:07:19+08:00 ] 192.168.1.127 /whs/admin.php/Public/verify.html
INFO: [ app_init ] --START--
INFO: Run Behavior\BuildLiteBehavior [ RunTime:0.000029s ]
INFO: Run Common\Behavior\InitHookBehavior [ RunTime:0.005816s ]
INFO: [ app_init ] --END-- [ RunTime:0.007240s ]
INFO: [ app_begin ] --START--
INFO: Run Behavior\ReadHtmlCacheBehavior [ RunTime:0.002089s ]
INFO: [ app_begin ] --END-- [ RunTime:0.002369s ]
INFO: [ app_end ] --START--
INFO: Run Behavior\ShowPageTraceBehavior [ RunTime:0.001504s ]
INFO: [ app_end ] --END-- [ RunTime:0.001625s ]

